P1_gg_gg/leshouche.inc:1:      DATA (IDUP(I,1,1),I=1,4)/21,21,21,21/
P1_gg_gg/leshouche.inc:2:      DATA (MOTHUP(1,I),I=1, 4)/  0,  0,  1,  1/
P1_gg_gg/leshouche.inc:3:      DATA (MOTHUP(2,I),I=1, 4)/  0,  0,  2,  2/
P1_gg_gg/leshouche.inc:4:      DATA (ICOLUP(1,I,1,1),I=1, 4)/504,501,503,504/
P1_gg_gg/leshouche.inc:5:      DATA (ICOLUP(2,I,1,1),I=1, 4)/501,502,502,503/
P1_gg_gg/leshouche.inc:6:      DATA (ICOLUP(1,I,2,1),I=1, 4)/503,501,503,504/
P1_gg_gg/leshouche.inc:7:      DATA (ICOLUP(2,I,2,1),I=1, 4)/501,502,504,502/
P1_gg_gg/leshouche.inc:8:      DATA (ICOLUP(1,I,3,1),I=1, 4)/502,504,503,504/
P1_gg_gg/leshouche.inc:9:      DATA (ICOLUP(2,I,3,1),I=1, 4)/501,502,501,503/
P1_gg_gg/leshouche.inc:10:      DATA (ICOLUP(1,I,4,1),I=1, 4)/502,503,503,504/
P1_gg_gg/leshouche.inc:11:      DATA (ICOLUP(2,I,4,1),I=1, 4)/501,502,504,501/

P1_gg_qq/leshouche.inc:1:      DATA (IDUP(I,1,1),I=1,4)/21,21,2,-2/
P1_gg_qq/leshouche.inc:2:      DATA (MOTHUP(1,I),I=1, 4)/  0,  0,  1,  1/
P1_gg_qq/leshouche.inc:3:      DATA (MOTHUP(2,I),I=1, 4)/  0,  0,  2,  2/
P1_gg_qq/leshouche.inc:4:      DATA (ICOLUP(1,I,1,1),I=1, 4)/501,502,501,  0/
P1_gg_qq/leshouche.inc:5:      DATA (ICOLUP(2,I,1,1),I=1, 4)/502,503,  0,503/
P1_gg_qq/leshouche.inc:6:      DATA (ICOLUP(1,I,2,1),I=1, 4)/503,501,501,  0/
P1_gg_qq/leshouche.inc:7:      DATA (ICOLUP(2,I,2,1),I=1, 4)/502,503,  0,502/
P1_gg_qq/leshouche.inc:8:      DATA (IDUP(I,2,1),I=1,4)/21,21,4,-4/
P1_gg_qq/leshouche.inc:9:      DATA (IDUP(I,3,1),I=1,4)/21,21,1,-1/
P1_gg_qq/leshouche.inc:10:      DATA (IDUP(I,4,1),I=1,4)/21,21,3,-3/
P1_gg_qq/leshouche.inc:11:      DATA (IDUP(I,5,1),I=1,4)/21,21,5,-5/

P1_qq_gg/leshouche.inc:1:      DATA (IDUP(I,1,1),I=1,4)/2,-2,21,21/
P1_qq_gg/leshouche.inc:2:      DATA (MOTHUP(1,I),I=1, 4)/  0,  0,  1,  1/
P1_qq_gg/leshouche.inc:3:      DATA (MOTHUP(2,I),I=1, 4)/  0,  0,  2,  2/
P1_qq_gg/leshouche.inc:4:      DATA (ICOLUP(1,I,1,1),I=1, 4)/503,  0,502,503/
P1_qq_gg/leshouche.inc:5:      DATA (ICOLUP(2,I,1,1),I=1, 4)/  0,501,501,502/
P1_qq_gg/leshouche.inc:6:      DATA (ICOLUP(1,I,2,1),I=1, 4)/502,  0,502,503/
P1_qq_gg/leshouche.inc:7:      DATA (ICOLUP(2,I,2,1),I=1, 4)/  0,501,503,501/
P1_qq_gg/leshouche.inc:8:      DATA (IDUP(I,2,1),I=1,4)/4,-4,21,21/
P1_qq_gg/leshouche.inc:9:      DATA (IDUP(I,3,1),I=1,4)/1,-1,21,21/
P1_qq_gg/leshouche.inc:10:      DATA (IDUP(I,4,1),I=1,4)/3,-3,21,21/
P1_qq_gg/leshouche.inc:11:      DATA (IDUP(I,5,1),I=1,4)/5,-5,21,21/

P1_qq_qq/leshouche.inc:1:      DATA (IDUP(I,1,1),I=1,4)/2,-2,2,-2/
P1_qq_qq/leshouche.inc:2:      DATA (MOTHUP(1,I),I=1, 4)/  0,  0,  1,  1/
P1_qq_qq/leshouche.inc:3:      DATA (MOTHUP(2,I),I=1, 4)/  0,  0,  2,  2/
P1_qq_qq/leshouche.inc:4:      DATA (ICOLUP(1,I,1,1),I=1, 4)/501,  0,502,  0/
P1_qq_qq/leshouche.inc:5:      DATA (ICOLUP(2,I,1,1),I=1, 4)/  0,501,  0,502/
P1_qq_qq/leshouche.inc:6:      DATA (ICOLUP(1,I,2,1),I=1, 4)/502,  0,502,  0/
P1_qq_qq/leshouche.inc:7:      DATA (ICOLUP(2,I,2,1),I=1, 4)/  0,501,  0,501/
P1_qq_qq/leshouche.inc:8:      DATA (IDUP(I,2,1),I=1,4)/2,-2,4,-4/
P1_qq_qq/leshouche.inc:9:      DATA (IDUP(I,3,1),I=1,4)/2,-2,1,-1/
P1_qq_qq/leshouche.inc:10:      DATA (IDUP(I,4,1),I=1,4)/2,-2,3,-3/
P1_qq_qq/leshouche.inc:11:      DATA (IDUP(I,5,1),I=1,4)/2,-2,5,-5/
P1_qq_qq/leshouche.inc:12:      DATA (IDUP(I,6,1),I=1,4)/4,-4,2,-2/
P1_qq_qq/leshouche.inc:13:      DATA (IDUP(I,7,1),I=1,4)/4,-4,4,-4/
P1_qq_qq/leshouche.inc:14:      DATA (IDUP(I,8,1),I=1,4)/4,-4,1,-1/
P1_qq_qq/leshouche.inc:15:      DATA (IDUP(I,9,1),I=1,4)/4,-4,3,-3/
P1_qq_qq/leshouche.inc:16:      DATA (IDUP(I,10,1),I=1,4)/4,-4,5,-5/
P1_qq_qq/leshouche.inc:17:      DATA (IDUP(I,11,1),I=1,4)/1,-1,2,-2/
P1_qq_qq/leshouche.inc:18:      DATA (IDUP(I,12,1),I=1,4)/1,-1,4,-4/
P1_qq_qq/leshouche.inc:19:      DATA (IDUP(I,13,1),I=1,4)/1,-1,1,-1/
P1_qq_qq/leshouche.inc:20:      DATA (IDUP(I,14,1),I=1,4)/1,-1,3,-3/
P1_qq_qq/leshouche.inc:21:      DATA (IDUP(I,15,1),I=1,4)/1,-1,5,-5/
P1_qq_qq/leshouche.inc:22:      DATA (IDUP(I,16,1),I=1,4)/3,-3,2,-2/
P1_qq_qq/leshouche.inc:23:      DATA (IDUP(I,17,1),I=1,4)/3,-3,4,-4/
P1_qq_qq/leshouche.inc:24:      DATA (IDUP(I,18,1),I=1,4)/3,-3,1,-1/
P1_qq_qq/leshouche.inc:25:      DATA (IDUP(I,19,1),I=1,4)/3,-3,3,-3/
P1_qq_qq/leshouche.inc:26:      DATA (IDUP(I,20,1),I=1,4)/3,-3,5,-5/
P1_qq_qq/leshouche.inc:27:      DATA (IDUP(I,21,1),I=1,4)/5,-5,2,-2/
P1_qq_qq/leshouche.inc:28:      DATA (IDUP(I,22,1),I=1,4)/5,-5,4,-4/
P1_qq_qq/leshouche.inc:29:      DATA (IDUP(I,23,1),I=1,4)/5,-5,1,-1/
P1_qq_qq/leshouche.inc:30:      DATA (IDUP(I,24,1),I=1,4)/5,-5,3,-3/
P1_qq_qq/leshouche.inc:31:      DATA (IDUP(I,25,1),I=1,4)/5,-5,5,-5/
